0 info it worked if it ends with ok
1 verbose cli [ '/usr/local/Cellar/node/0.10.18/bin/node',
1 verbose cli   '/usr/local/bin/npm',
1 verbose cli   'update',
1 verbose cli   '-g',
1 verbose cli   'bower' ]
2 info using npm@1.3.8
3 info using node@v0.10.18
4 verbose cache add [ 'bower', '*' ]
5 verbose cache add name="bower" spec="*" args=["bower","*"]
6 verbose parsed url { protocol: null,
6 verbose parsed url   slashes: null,
6 verbose parsed url   auth: null,
6 verbose parsed url   host: null,
6 verbose parsed url   port: null,
6 verbose parsed url   hostname: null,
6 verbose parsed url   hash: null,
6 verbose parsed url   search: null,
6 verbose parsed url   query: null,
6 verbose parsed url   pathname: '*',
6 verbose parsed url   path: '*',
6 verbose parsed url   href: '*' }
7 verbose addNamed [ 'bower', '*' ]
8 verbose addNamed [ null, '*' ]
9 silly lockFile b788227f-bower bower@*
10 verbose lock bower@* /Users/hajime/.npm/b788227f-bower.lock
11 silly addNameRange { name: 'bower', range: '*', hasData: false }
12 verbose url raw bower
13 verbose url resolving [ 'https://registry.npmjs.org/', './bower' ]
14 verbose url resolved https://registry.npmjs.org/bower
15 info trying registry request attempt 1 at 12:21:05
16 verbose etag "2WLEHNYC7V6RC9ETV0EQJNMUO"
17 http GET https://registry.npmjs.org/bower
18 http 200 https://registry.npmjs.org/bower
19 silly registry.get cb [ 200,
19 silly registry.get   { vary: 'Accept',
19 silly registry.get     server: 'CouchDB/1.3.1 (Erlang OTP/R15B03)',
19 silly registry.get     etag: '"3QPEH1RUWTK7B0FOLASLCY1YI"',
19 silly registry.get     date: 'Mon, 21 Oct 2013 03:21:08 GMT',
19 silly registry.get     'content-type': 'application/json',
19 silly registry.get     'content-length': '639950' } ]
20 silly addNameRange number 2 { name: 'bower', range: '*', hasData: true }
21 silly addNameRange versions [ 'bower',
21 silly addNameRange   [ '0.1.0',
21 silly addNameRange     '0.1.2',
21 silly addNameRange     '0.1.3',
21 silly addNameRange     '0.2.0',
21 silly addNameRange     '0.3.0',
21 silly addNameRange     '0.3.1',
21 silly addNameRange     '0.3.2',
21 silly addNameRange     '0.4.0',
21 silly addNameRange     '0.5.0',
21 silly addNameRange     '0.5.1',
21 silly addNameRange     '0.6.0',
21 silly addNameRange     '0.6.1',
21 silly addNameRange     '0.6.2',
21 silly addNameRange     '0.6.3',
21 silly addNameRange     '0.6.4',
21 silly addNameRange     '0.6.5',
21 silly addNameRange     '0.6.6',
21 silly addNameRange     '0.6.7',
21 silly addNameRange     '0.6.8',
21 silly addNameRange     '0.7.0',
21 silly addNameRange     '0.7.1',
21 silly addNameRange     '0.8.0',
21 silly addNameRange     '0.8.1',
21 silly addNameRange     '0.8.2',
21 silly addNameRange     '0.8.3',
21 silly addNameRange     '0.8.4',
21 silly addNameRange     '0.8.5',
21 silly addNameRange     '0.8.6',
21 silly addNameRange     '0.9.0',
21 silly addNameRange     '0.9.1',
21 silly addNameRange     '0.9.2',
21 silly addNameRange     '0.10.0',
21 silly addNameRange     '1.0.0',
21 silly addNameRange     '1.0.1',
21 silly addNameRange     '1.0.2',
21 silly addNameRange     '1.0.3',
21 silly addNameRange     '1.1.0',
21 silly addNameRange     '1.1.1',
21 silly addNameRange     '1.1.2',
21 silly addNameRange     '1.2.0',
21 silly addNameRange     '1.2.1',
21 silly addNameRange     '1.2.2',
21 silly addNameRange     '1.2.3',
21 silly addNameRange     '1.2.4',
21 silly addNameRange     '1.2.5',
21 silly addNameRange     '1.2.6',
21 silly addNameRange     '1.2.7' ] ]
22 verbose addNamed [ 'bower', '1.2.7' ]
23 verbose addNamed [ '1.2.7', '1.2.7' ]
24 silly lockFile d87c9af5-bower-1-2-7 bower@1.2.7
25 verbose lock bower@1.2.7 /Users/hajime/.npm/d87c9af5-bower-1-2-7.lock
26 silly lockFile 1308ca41--npmjs-org-bower-bower-1-2-7-tgz https://registry.npmjs.org/bower/-/bower-1.2.7.tgz
27 verbose lock https://registry.npmjs.org/bower/-/bower-1.2.7.tgz /Users/hajime/.npm/1308ca41--npmjs-org-bower-bower-1-2-7-tgz.lock
28 verbose addRemoteTarball [ 'https://registry.npmjs.org/bower/-/bower-1.2.7.tgz',
28 verbose addRemoteTarball   '5b0505c8192bd61a752a7cf8b718d1b3054cd554' ]
29 info retry fetch attempt 1 at 12:21:11
30 verbose fetch to= /var/folders/n4/f99_t3pd1pjc6c7by6qmglzr0000gn/T/npm-79993-qI0qsrJX/1382325671083-0.5089757251553237/tmp.tgz
31 http GET https://registry.npmjs.org/bower/-/bower-1.2.7.tgz
32 http 200 https://registry.npmjs.org/bower/-/bower-1.2.7.tgz
33 verbose tar unpack /var/folders/n4/f99_t3pd1pjc6c7by6qmglzr0000gn/T/npm-79993-qI0qsrJX/1382325671083-0.5089757251553237/tmp.tgz
34 silly lockFile 316b0fa3-71083-0-5089757251553237-package tar:///var/folders/n4/f99_t3pd1pjc6c7by6qmglzr0000gn/T/npm-79993-qI0qsrJX/1382325671083-0.5089757251553237/package
35 verbose lock tar:///var/folders/n4/f99_t3pd1pjc6c7by6qmglzr0000gn/T/npm-79993-qI0qsrJX/1382325671083-0.5089757251553237/package /Users/hajime/.npm/316b0fa3-71083-0-5089757251553237-package.lock
36 silly lockFile 89ea7883-71083-0-5089757251553237-tmp-tgz tar:///var/folders/n4/f99_t3pd1pjc6c7by6qmglzr0000gn/T/npm-79993-qI0qsrJX/1382325671083-0.5089757251553237/tmp.tgz
37 verbose lock tar:///var/folders/n4/f99_t3pd1pjc6c7by6qmglzr0000gn/T/npm-79993-qI0qsrJX/1382325671083-0.5089757251553237/tmp.tgz /Users/hajime/.npm/89ea7883-71083-0-5089757251553237-tmp-tgz.lock
38 silly gunzTarPerm modes [ '755', '644' ]
39 silly gunzTarPerm extractEntry package.json
40 silly gunzTarPerm extractEntry .npmignore
41 silly gunzTarPerm extractEntry README.md
42 silly gunzTarPerm extractEntry LICENSE
43 silly gunzTarPerm extractEntry Gruntfile.js
44 silly gunzTarPerm extractEntry CONTRIBUTING.md
45 silly gunzTarPerm extractEntry .editorconfig
46 silly gunzTarPerm extractEntry .jshintrc
47 silly gunzTarPerm extractEntry .travis.yml
48 silly gunzTarPerm extractEntry bin/bower
49 silly gunzTarPerm extractEntry lib/config.js
50 silly gunzTarPerm extractEntry lib/index.js
51 silly gunzTarPerm extractEntry lib/commands/update.js
52 silly gunzTarPerm extractEntry lib/commands/index.js
53 silly gunzTarPerm extractEntry lib/commands/info.js
54 silly gunzTarPerm extractEntry lib/commands/init.js
55 silly gunzTarPerm extractEntry lib/commands/install.js
56 silly gunzTarPerm extractEntry lib/commands/home.js
57 silly gunzTarPerm extractEntry lib/commands/list.js
58 silly gunzTarPerm extractEntry lib/commands/lookup.js
59 silly gunzTarPerm extractEntry lib/commands/prune.js
60 silly gunzTarPerm extractEntry lib/commands/register.js
61 silly gunzTarPerm extractEntry lib/commands/search.js
62 silly gunzTarPerm extractEntry lib/commands/help.js
63 silly gunzTarPerm extractEntry lib/commands/uninstall.js
64 silly gunzTarPerm extractEntry lib/commands/completion.js
65 silly gunzTarPerm extractEntry lib/commands/link.js
66 silly gunzTarPerm extractEntry lib/commands/cache/clean.js
67 silly gunzTarPerm extractEntry lib/commands/cache/index.js
68 silly gunzTarPerm extractEntry lib/commands/cache/list.js
69 silly gunzTarPerm extractEntry lib/core/Manager.js
70 silly gunzTarPerm extractEntry lib/core/PackageRepository.js
71 silly gunzTarPerm extractEntry lib/core/Project.js
72 silly gunzTarPerm extractEntry lib/core/ResolveCache.js
73 silly gunzTarPerm extractEntry lib/core/resolverFactory.js
74 silly gunzTarPerm extractEntry lib/core/resolvers/FsResolver.js
75 silly gunzTarPerm extractEntry lib/core/resolvers/GitFsResolver.js
76 silly gunzTarPerm extractEntry lib/core/resolvers/GitHubResolver.js
77 silly gunzTarPerm extractEntry lib/core/resolvers/GitRemoteResolver.js
78 silly gunzTarPerm extractEntry lib/core/resolvers/GitResolver.js
79 silly gunzTarPerm extractEntry lib/core/resolvers/Resolver.js
80 silly gunzTarPerm extractEntry lib/core/resolvers/UrlResolver.js
81 silly gunzTarPerm extractEntry lib/core/resolvers/index.js
82 silly gunzTarPerm extractEntry lib/renderers/JsonRenderer.js
83 silly gunzTarPerm extractEntry lib/renderers/StandardRenderer.js
84 silly gunzTarPerm extractEntry lib/renderers/index.js
85 silly gunzTarPerm extractEntry lib/util/cli.js
86 silly gunzTarPerm extractEntry lib/util/createError.js
87 silly gunzTarPerm extractEntry lib/util/createLink.js
88 silly gunzTarPerm extractEntry lib/util/download.js
89 silly gunzTarPerm extractEntry lib/util/extract.js
90 silly gunzTarPerm extractEntry lib/util/copy.js
91 silly gunzTarPerm extractEntry lib/util/readJson.js
92 silly gunzTarPerm extractEntry lib/util/removeIgnores.js
93 silly gunzTarPerm extractEntry lib/util/rootCheck.js
94 silly gunzTarPerm extractEntry lib/util/semver.js
95 silly gunzTarPerm extractEntry lib/util/template.js
96 silly gunzTarPerm extractEntry lib/util/cmd.js
97 silly gunzTarPerm extractEntry lib/util/validLink.js
98 silly gunzTarPerm extractEntry lib/util/md5.js
99 silly gunzTarPerm extractEntry CHANGELOG.md
100 silly gunzTarPerm extractEntry templates/helpers/colors.js
101 silly gunzTarPerm extractEntry templates/helpers/condense.js
102 silly gunzTarPerm extractEntry templates/helpers/indent.js
103 silly gunzTarPerm extractEntry templates/helpers/index.js
104 silly gunzTarPerm extractEntry templates/helpers/rpad.js
105 silly gunzTarPerm extractEntry templates/helpers/sum.js
106 silly gunzTarPerm extractEntry templates/json/help-list.json
107 silly gunzTarPerm extractEntry templates/json/help-cache/clean.json
108 silly gunzTarPerm extractEntry templates/json/help-cache/list.json
109 silly gunzTarPerm extractEntry templates/json/help-home.json
110 silly gunzTarPerm extractEntry templates/json/help-info.json
111 silly gunzTarPerm extractEntry templates/json/help-init.json
112 silly gunzTarPerm extractEntry templates/json/help-install.json
113 silly gunzTarPerm extractEntry templates/json/help-link.json
114 silly gunzTarPerm extractEntry templates/json/help-cache.json
115 silly gunzTarPerm extractEntry templates/json/help-lookup.json
116 silly gunzTarPerm extractEntry templates/json/help-prune.json
117 silly gunzTarPerm extractEntry templates/json/help-register.json
118 silly gunzTarPerm extractEntry templates/json/help-search.json
119 silly gunzTarPerm extractEntry templates/json/help-uninstall.json
120 silly gunzTarPerm extractEntry templates/json/help-update.json
121 silly gunzTarPerm extractEntry templates/json/help.json
122 silly gunzTarPerm extractEntry templates/std/conflict-resolved.std
123 silly gunzTarPerm extractEntry templates/std/conflict.std
124 silly gunzTarPerm extractEntry templates/std/help-cache.std
125 silly gunzTarPerm extractEntry templates/std/help-generic.std
126 silly gunzTarPerm extractEntry templates/std/help.std
127 silly gunzTarPerm extractEntry templates/std/info.std
128 silly gunzTarPerm extractEntry templates/std/lookup.std
129 silly gunzTarPerm extractEntry templates/std/register.std
130 silly gunzTarPerm extractEntry templates/std/search-results.std
131 silly gunzTarPerm extractEntry templates/std/update-notice.std
132 silly gunzTarPerm extractEntry test/packages.js
133 silly gunzTarPerm extractEntry test/test.js
134 silly gunzTarPerm extractEntry test/assets/package-tar.tar.gz
135 silly gunzTarPerm extractEntry test/assets/package-zip-folder-single-file.zip
136 silly gunzTarPerm extractEntry test/assets/package-zip-folder.zip
137 silly gunzTarPerm extractEntry test/assets/package-zip-single-bower-json.zip
138 silly gunzTarPerm extractEntry test/assets/package-zip-single-component-json.zip
139 silly gunzTarPerm extractEntry test/assets/package-zip-single-file.zip
140 silly gunzTarPerm extractEntry test/assets/package-zip.zip
141 silly gunzTarPerm extractEntry test/assets/resolve-cache/list-json-1.json
142 silly gunzTarPerm extractEntry test/assets/test-temp-dir/test-exception.js
143 silly gunzTarPerm extractEntry test/assets/test-temp-dir/test.js
144 silly gunzTarPerm extractEntry test/core/packageRepository.js
145 silly gunzTarPerm extractEntry test/core/resolveCache.js
146 silly gunzTarPerm extractEntry test/core/resolverFactory.js
147 silly gunzTarPerm extractEntry test/core/resolvers/fsResolver.js
148 silly gunzTarPerm extractEntry test/core/resolvers/gitFsResolver.js
149 silly gunzTarPerm extractEntry test/core/resolvers/gitHubResolver.js
150 silly gunzTarPerm extractEntry test/core/resolvers/gitRemoteResolver.js
151 silly gunzTarPerm extractEntry test/core/resolvers/gitResolver.js
152 silly gunzTarPerm extractEntry test/core/resolvers/resolver.js
153 silly gunzTarPerm extractEntry test/core/resolvers/urlResolver.js
154 silly gunzTarPerm extractEntry test/packages.json
155 silly lockFile 316b0fa3-71083-0-5089757251553237-package tar:///var/folders/n4/f99_t3pd1pjc6c7by6qmglzr0000gn/T/npm-79993-qI0qsrJX/1382325671083-0.5089757251553237/package
156 silly lockFile 316b0fa3-71083-0-5089757251553237-package tar:///var/folders/n4/f99_t3pd1pjc6c7by6qmglzr0000gn/T/npm-79993-qI0qsrJX/1382325671083-0.5089757251553237/package
157 silly lockFile 89ea7883-71083-0-5089757251553237-tmp-tgz tar:///var/folders/n4/f99_t3pd1pjc6c7by6qmglzr0000gn/T/npm-79993-qI0qsrJX/1382325671083-0.5089757251553237/tmp.tgz
158 silly lockFile 89ea7883-71083-0-5089757251553237-tmp-tgz tar:///var/folders/n4/f99_t3pd1pjc6c7by6qmglzr0000gn/T/npm-79993-qI0qsrJX/1382325671083-0.5089757251553237/tmp.tgz
159 verbose tar pack [ '/Users/hajime/.npm/bower/1.2.7/package.tgz',
159 verbose tar pack   '/var/folders/n4/f99_t3pd1pjc6c7by6qmglzr0000gn/T/npm-79993-qI0qsrJX/1382325671083-0.5089757251553237/package' ]
160 verbose tarball /Users/hajime/.npm/bower/1.2.7/package.tgz
161 verbose folder /var/folders/n4/f99_t3pd1pjc6c7by6qmglzr0000gn/T/npm-79993-qI0qsrJX/1382325671083-0.5089757251553237/package
162 silly lockFile 316b0fa3-71083-0-5089757251553237-package tar:///var/folders/n4/f99_t3pd1pjc6c7by6qmglzr0000gn/T/npm-79993-qI0qsrJX/1382325671083-0.5089757251553237/package
163 verbose lock tar:///var/folders/n4/f99_t3pd1pjc6c7by6qmglzr0000gn/T/npm-79993-qI0qsrJX/1382325671083-0.5089757251553237/package /Users/hajime/.npm/316b0fa3-71083-0-5089757251553237-package.lock
164 silly lockFile 2356fb8d-jime-npm-bower-1-2-7-package-tgz tar:///Users/hajime/.npm/bower/1.2.7/package.tgz
165 verbose lock tar:///Users/hajime/.npm/bower/1.2.7/package.tgz /Users/hajime/.npm/2356fb8d-jime-npm-bower-1-2-7-package-tgz.lock
166 silly lockFile 316b0fa3-71083-0-5089757251553237-package tar:///var/folders/n4/f99_t3pd1pjc6c7by6qmglzr0000gn/T/npm-79993-qI0qsrJX/1382325671083-0.5089757251553237/package
167 silly lockFile 316b0fa3-71083-0-5089757251553237-package tar:///var/folders/n4/f99_t3pd1pjc6c7by6qmglzr0000gn/T/npm-79993-qI0qsrJX/1382325671083-0.5089757251553237/package
168 silly lockFile 2356fb8d-jime-npm-bower-1-2-7-package-tgz tar:///Users/hajime/.npm/bower/1.2.7/package.tgz
169 silly lockFile 2356fb8d-jime-npm-bower-1-2-7-package-tgz tar:///Users/hajime/.npm/bower/1.2.7/package.tgz
170 silly lockFile 5f4f2212-s-hajime-npm-bower-1-2-7-package /Users/hajime/.npm/bower/1.2.7/package
171 verbose lock /Users/hajime/.npm/bower/1.2.7/package /Users/hajime/.npm/5f4f2212-s-hajime-npm-bower-1-2-7-package.lock
172 silly lockFile 5f4f2212-s-hajime-npm-bower-1-2-7-package /Users/hajime/.npm/bower/1.2.7/package
173 silly lockFile 5f4f2212-s-hajime-npm-bower-1-2-7-package /Users/hajime/.npm/bower/1.2.7/package
174 verbose tar unpack /Users/hajime/.npm/bower/1.2.7/package.tgz
175 silly lockFile 206b2bcd-s-hajime-npm-bower-1-2-7-package tar:///Users/hajime/.npm/bower/1.2.7/package
176 verbose lock tar:///Users/hajime/.npm/bower/1.2.7/package /Users/hajime/.npm/206b2bcd-s-hajime-npm-bower-1-2-7-package.lock
177 silly lockFile 2356fb8d-jime-npm-bower-1-2-7-package-tgz tar:///Users/hajime/.npm/bower/1.2.7/package.tgz
178 verbose lock tar:///Users/hajime/.npm/bower/1.2.7/package.tgz /Users/hajime/.npm/2356fb8d-jime-npm-bower-1-2-7-package-tgz.lock
179 silly gunzTarPerm modes [ '755', '644' ]
180 silly gunzTarPerm extractEntry package.json
181 silly gunzTarPerm extractEntry .npmignore
182 silly gunzTarPerm extractEntry README.md
183 silly gunzTarPerm extractEntry LICENSE
184 silly gunzTarPerm extractEntry Gruntfile.js
185 silly gunzTarPerm extractEntry CONTRIBUTING.md
186 silly gunzTarPerm extractEntry .editorconfig
187 silly gunzTarPerm extractEntry .jshintrc
188 silly gunzTarPerm extractEntry .travis.yml
189 silly gunzTarPerm extractEntry bin/bower
190 silly gunzTarPerm extractEntry lib/config.js
191 silly gunzTarPerm extractEntry lib/index.js
192 silly gunzTarPerm extractEntry lib/commands/update.js
193 silly gunzTarPerm extractEntry lib/commands/index.js
194 silly gunzTarPerm extractEntry lib/commands/info.js
195 silly gunzTarPerm extractEntry lib/commands/init.js
196 silly gunzTarPerm extractEntry lib/commands/install.js
197 silly gunzTarPerm extractEntry lib/commands/home.js
198 silly gunzTarPerm extractEntry lib/commands/list.js
199 silly gunzTarPerm extractEntry lib/commands/lookup.js
200 silly gunzTarPerm extractEntry lib/commands/prune.js
201 silly gunzTarPerm extractEntry lib/commands/register.js
202 silly gunzTarPerm extractEntry lib/commands/search.js
203 silly gunzTarPerm extractEntry lib/commands/help.js
204 silly gunzTarPerm extractEntry lib/commands/uninstall.js
205 silly gunzTarPerm extractEntry lib/commands/completion.js
206 silly gunzTarPerm extractEntry lib/commands/link.js
207 silly gunzTarPerm extractEntry lib/commands/cache/clean.js
208 silly gunzTarPerm extractEntry lib/commands/cache/index.js
209 silly gunzTarPerm extractEntry lib/commands/cache/list.js
210 silly gunzTarPerm extractEntry lib/core/Manager.js
211 silly gunzTarPerm extractEntry lib/core/PackageRepository.js
212 silly gunzTarPerm extractEntry lib/core/Project.js
213 silly gunzTarPerm extractEntry lib/core/ResolveCache.js
214 silly gunzTarPerm extractEntry lib/core/resolverFactory.js
215 silly gunzTarPerm extractEntry lib/core/resolvers/FsResolver.js
216 silly gunzTarPerm extractEntry lib/core/resolvers/GitFsResolver.js
217 silly gunzTarPerm extractEntry lib/core/resolvers/GitHubResolver.js
218 silly gunzTarPerm extractEntry lib/core/resolvers/GitRemoteResolver.js
219 silly gunzTarPerm extractEntry lib/core/resolvers/GitResolver.js
220 silly gunzTarPerm extractEntry lib/core/resolvers/Resolver.js
221 silly gunzTarPerm extractEntry lib/core/resolvers/UrlResolver.js
222 silly gunzTarPerm extractEntry lib/core/resolvers/index.js
223 silly gunzTarPerm extractEntry lib/renderers/JsonRenderer.js
224 silly gunzTarPerm extractEntry lib/renderers/StandardRenderer.js
225 silly gunzTarPerm extractEntry lib/renderers/index.js
226 silly gunzTarPerm extractEntry lib/util/cli.js
227 silly gunzTarPerm extractEntry lib/util/createError.js
228 silly gunzTarPerm extractEntry lib/util/createLink.js
229 silly gunzTarPerm extractEntry lib/util/download.js
230 silly gunzTarPerm extractEntry lib/util/extract.js
231 silly gunzTarPerm extractEntry lib/util/copy.js
232 silly gunzTarPerm extractEntry lib/util/readJson.js
233 silly gunzTarPerm extractEntry lib/util/removeIgnores.js
234 silly gunzTarPerm extractEntry lib/util/rootCheck.js
235 silly gunzTarPerm extractEntry lib/util/semver.js
236 silly gunzTarPerm extractEntry lib/util/template.js
237 silly gunzTarPerm extractEntry lib/util/cmd.js
238 silly gunzTarPerm extractEntry lib/util/validLink.js
239 silly gunzTarPerm extractEntry lib/util/md5.js
240 silly gunzTarPerm extractEntry CHANGELOG.md
241 silly gunzTarPerm extractEntry templates/helpers/colors.js
242 silly gunzTarPerm extractEntry templates/helpers/condense.js
243 silly gunzTarPerm extractEntry templates/helpers/indent.js
244 silly gunzTarPerm extractEntry templates/helpers/index.js
245 silly gunzTarPerm extractEntry templates/helpers/rpad.js
246 silly gunzTarPerm extractEntry templates/helpers/sum.js
247 silly gunzTarPerm extractEntry templates/json/help-list.json
248 silly gunzTarPerm extractEntry templates/json/help-cache/clean.json
249 silly gunzTarPerm extractEntry templates/json/help-cache/list.json
250 silly gunzTarPerm extractEntry templates/json/help-home.json
251 silly gunzTarPerm extractEntry templates/json/help-info.json
252 silly gunzTarPerm extractEntry templates/json/help-init.json
253 silly gunzTarPerm extractEntry templates/json/help-install.json
254 silly gunzTarPerm extractEntry templates/json/help-link.json
255 silly gunzTarPerm extractEntry templates/json/help-cache.json
256 silly gunzTarPerm extractEntry templates/json/help-lookup.json
257 silly gunzTarPerm extractEntry templates/json/help-prune.json
258 silly gunzTarPerm extractEntry templates/json/help-register.json
259 silly gunzTarPerm extractEntry templates/json/help-search.json
260 silly gunzTarPerm extractEntry templates/json/help-uninstall.json
261 silly gunzTarPerm extractEntry templates/json/help-update.json
262 silly gunzTarPerm extractEntry templates/json/help.json
263 silly gunzTarPerm extractEntry templates/std/conflict-resolved.std
264 silly gunzTarPerm extractEntry templates/std/conflict.std
265 silly gunzTarPerm extractEntry templates/std/help-cache.std
266 silly gunzTarPerm extractEntry templates/std/help-generic.std
267 silly gunzTarPerm extractEntry templates/std/help.std
268 silly gunzTarPerm extractEntry templates/std/info.std
269 silly gunzTarPerm extractEntry templates/std/lookup.std
270 silly gunzTarPerm extractEntry templates/std/register.std
271 silly gunzTarPerm extractEntry templates/std/search-results.std
272 silly gunzTarPerm extractEntry templates/std/update-notice.std
273 silly gunzTarPerm extractEntry test/packages.js
274 silly gunzTarPerm extractEntry test/test.js
275 silly gunzTarPerm extractEntry test/assets/package-tar.tar.gz
276 silly gunzTarPerm extractEntry test/assets/package-zip-folder-single-file.zip
277 silly gunzTarPerm extractEntry test/assets/package-zip-folder.zip
278 silly gunzTarPerm extractEntry test/assets/package-zip-single-bower-json.zip
279 silly gunzTarPerm extractEntry test/assets/package-zip-single-component-json.zip
280 silly gunzTarPerm extractEntry test/assets/package-zip-single-file.zip
281 silly gunzTarPerm extractEntry test/assets/package-zip.zip
282 silly gunzTarPerm extractEntry test/assets/resolve-cache/list-json-1.json
283 silly gunzTarPerm extractEntry test/assets/test-temp-dir/test-exception.js
284 silly gunzTarPerm extractEntry test/assets/test-temp-dir/test.js
285 silly gunzTarPerm extractEntry test/core/packageRepository.js
286 silly gunzTarPerm extractEntry test/core/resolveCache.js
287 silly gunzTarPerm extractEntry test/core/resolverFactory.js
288 silly gunzTarPerm extractEntry test/core/resolvers/fsResolver.js
289 silly gunzTarPerm extractEntry test/core/resolvers/gitFsResolver.js
290 silly gunzTarPerm extractEntry test/core/resolvers/gitHubResolver.js
291 silly gunzTarPerm extractEntry test/core/resolvers/gitRemoteResolver.js
292 silly gunzTarPerm extractEntry test/core/resolvers/gitResolver.js
293 silly gunzTarPerm extractEntry test/core/resolvers/resolver.js
294 silly gunzTarPerm extractEntry test/core/resolvers/urlResolver.js
295 silly gunzTarPerm extractEntry test/packages.json
296 silly lockFile 206b2bcd-s-hajime-npm-bower-1-2-7-package tar:///Users/hajime/.npm/bower/1.2.7/package
297 silly lockFile 206b2bcd-s-hajime-npm-bower-1-2-7-package tar:///Users/hajime/.npm/bower/1.2.7/package
298 silly lockFile 2356fb8d-jime-npm-bower-1-2-7-package-tgz tar:///Users/hajime/.npm/bower/1.2.7/package.tgz
299 silly lockFile 2356fb8d-jime-npm-bower-1-2-7-package-tgz tar:///Users/hajime/.npm/bower/1.2.7/package.tgz
300 verbose chmod /Users/hajime/.npm/bower/1.2.7/package.tgz 644
301 verbose chown /Users/hajime/.npm/bower/1.2.7/package.tgz [ 501, 20 ]
302 silly lockFile 1308ca41--npmjs-org-bower-bower-1-2-7-tgz https://registry.npmjs.org/bower/-/bower-1.2.7.tgz
303 silly lockFile 1308ca41--npmjs-org-bower-bower-1-2-7-tgz https://registry.npmjs.org/bower/-/bower-1.2.7.tgz
304 silly lockFile d87c9af5-bower-1-2-7 bower@1.2.7
305 silly lockFile d87c9af5-bower-1-2-7 bower@1.2.7
306 silly lockFile b788227f-bower bower@*
307 silly lockFile b788227f-bower bower@*
308 info outdated updating [ [ '/usr/local/lib', 'bower', '1.2.6', '1.2.7', '*' ] ]
309 verbose install where,what [ '/usr/local/lib', [ 'bower@1.2.7' ] ]
310 verbose cache add [ 'bower@1.2.7', null ]
311 verbose cache add name=undefined spec="bower@1.2.7" args=["bower@1.2.7",null]
312 verbose parsed url { protocol: null,
312 verbose parsed url   slashes: null,
312 verbose parsed url   auth: null,
312 verbose parsed url   host: null,
312 verbose parsed url   port: null,
312 verbose parsed url   hostname: null,
312 verbose parsed url   hash: null,
312 verbose parsed url   search: null,
312 verbose parsed url   query: null,
312 verbose parsed url   pathname: 'bower@1.2.7',
312 verbose parsed url   path: 'bower@1.2.7',
312 verbose parsed url   href: 'bower@1.2.7' }
313 verbose cache add name="bower" spec="1.2.7" args=["bower","1.2.7"]
314 verbose parsed url { protocol: null,
314 verbose parsed url   slashes: null,
314 verbose parsed url   auth: null,
314 verbose parsed url   host: null,
314 verbose parsed url   port: null,
314 verbose parsed url   hostname: null,
314 verbose parsed url   hash: null,
314 verbose parsed url   search: null,
314 verbose parsed url   query: null,
314 verbose parsed url   pathname: '1.2.7',
314 verbose parsed url   path: '1.2.7',
314 verbose parsed url   href: '1.2.7' }
315 verbose addNamed [ 'bower', '1.2.7' ]
316 verbose addNamed [ '1.2.7', '1.2.7' ]
317 silly lockFile d87c9af5-bower-1-2-7 bower@1.2.7
318 verbose lock bower@1.2.7 /Users/hajime/.npm/d87c9af5-bower-1-2-7.lock
319 verbose url raw bower/1.2.7
320 verbose url resolving [ 'https://registry.npmjs.org/', './bower/1.2.7' ]
321 verbose url resolved https://registry.npmjs.org/bower/1.2.7
322 info trying registry request attempt 1 at 12:21:12
323 http GET https://registry.npmjs.org/bower/1.2.7
324 http 200 https://registry.npmjs.org/bower/1.2.7
325 silly registry.get cb [ 200,
325 silly registry.get   { vary: 'Accept',
325 silly registry.get     server: 'CouchDB/1.3.1 (Erlang OTP/R15B03)',
325 silly registry.get     etag: '"3QPEH1RUWTK7B0FOLASLCY1YI"',
325 silly registry.get     date: 'Mon, 21 Oct 2013 03:21:13 GMT',
325 silly registry.get     'content-type': 'application/json',
325 silly registry.get     'content-length': '13800' } ]
326 silly lockFile 1308ca41--npmjs-org-bower-bower-1-2-7-tgz https://registry.npmjs.org/bower/-/bower-1.2.7.tgz
327 verbose lock https://registry.npmjs.org/bower/-/bower-1.2.7.tgz /Users/hajime/.npm/1308ca41--npmjs-org-bower-bower-1-2-7-tgz.lock
328 verbose addRemoteTarball [ 'https://registry.npmjs.org/bower/-/bower-1.2.7.tgz',
328 verbose addRemoteTarball   '5b0505c8192bd61a752a7cf8b718d1b3054cd554' ]
329 info retry fetch attempt 1 at 12:21:13
330 verbose fetch to= /var/folders/n4/f99_t3pd1pjc6c7by6qmglzr0000gn/T/npm-79993-qI0qsrJX/1382325673915-0.38665143540129066/tmp.tgz
331 http GET https://registry.npmjs.org/bower/-/bower-1.2.7.tgz
332 http 200 https://registry.npmjs.org/bower/-/bower-1.2.7.tgz
333 verbose tar unpack /var/folders/n4/f99_t3pd1pjc6c7by6qmglzr0000gn/T/npm-79993-qI0qsrJX/1382325673915-0.38665143540129066/tmp.tgz
334 silly lockFile 2c433740-3915-0-38665143540129066-package tar:///var/folders/n4/f99_t3pd1pjc6c7by6qmglzr0000gn/T/npm-79993-qI0qsrJX/1382325673915-0.38665143540129066/package
335 verbose lock tar:///var/folders/n4/f99_t3pd1pjc6c7by6qmglzr0000gn/T/npm-79993-qI0qsrJX/1382325673915-0.38665143540129066/package /Users/hajime/.npm/2c433740-3915-0-38665143540129066-package.lock
336 silly lockFile 416d1607-3915-0-38665143540129066-tmp-tgz tar:///var/folders/n4/f99_t3pd1pjc6c7by6qmglzr0000gn/T/npm-79993-qI0qsrJX/1382325673915-0.38665143540129066/tmp.tgz
337 verbose lock tar:///var/folders/n4/f99_t3pd1pjc6c7by6qmglzr0000gn/T/npm-79993-qI0qsrJX/1382325673915-0.38665143540129066/tmp.tgz /Users/hajime/.npm/416d1607-3915-0-38665143540129066-tmp-tgz.lock
338 silly gunzTarPerm modes [ '755', '644' ]
339 silly gunzTarPerm extractEntry package.json
340 silly gunzTarPerm extractEntry .npmignore
341 silly gunzTarPerm extractEntry README.md
342 silly gunzTarPerm extractEntry LICENSE
343 silly gunzTarPerm extractEntry Gruntfile.js
344 silly gunzTarPerm extractEntry CONTRIBUTING.md
345 silly gunzTarPerm extractEntry .editorconfig
346 silly gunzTarPerm extractEntry .jshintrc
347 silly gunzTarPerm extractEntry .travis.yml
348 silly gunzTarPerm extractEntry bin/bower
349 silly gunzTarPerm extractEntry lib/config.js
350 silly gunzTarPerm extractEntry lib/index.js
351 silly gunzTarPerm extractEntry lib/commands/update.js
352 silly gunzTarPerm extractEntry lib/commands/index.js
353 silly gunzTarPerm extractEntry lib/commands/info.js
354 silly gunzTarPerm extractEntry lib/commands/init.js
355 silly gunzTarPerm extractEntry lib/commands/install.js
356 silly gunzTarPerm extractEntry lib/commands/home.js
357 silly gunzTarPerm extractEntry lib/commands/list.js
358 silly gunzTarPerm extractEntry lib/commands/lookup.js
359 silly gunzTarPerm extractEntry lib/commands/prune.js
360 silly gunzTarPerm extractEntry lib/commands/register.js
361 silly gunzTarPerm extractEntry lib/commands/search.js
362 silly gunzTarPerm extractEntry lib/commands/help.js
363 silly gunzTarPerm extractEntry lib/commands/uninstall.js
364 silly gunzTarPerm extractEntry lib/commands/completion.js
365 silly gunzTarPerm extractEntry lib/commands/link.js
366 silly gunzTarPerm extractEntry lib/commands/cache/clean.js
367 silly gunzTarPerm extractEntry lib/commands/cache/index.js
368 silly gunzTarPerm extractEntry lib/commands/cache/list.js
369 silly gunzTarPerm extractEntry lib/core/Manager.js
370 silly gunzTarPerm extractEntry lib/core/PackageRepository.js
371 silly gunzTarPerm extractEntry lib/core/Project.js
372 silly gunzTarPerm extractEntry lib/core/ResolveCache.js
373 silly gunzTarPerm extractEntry lib/core/resolverFactory.js
374 silly gunzTarPerm extractEntry lib/core/resolvers/FsResolver.js
375 silly gunzTarPerm extractEntry lib/core/resolvers/GitFsResolver.js
376 silly gunzTarPerm extractEntry lib/core/resolvers/GitHubResolver.js
377 silly gunzTarPerm extractEntry lib/core/resolvers/GitRemoteResolver.js
378 silly gunzTarPerm extractEntry lib/core/resolvers/GitResolver.js
379 silly gunzTarPerm extractEntry lib/core/resolvers/Resolver.js
380 silly gunzTarPerm extractEntry lib/core/resolvers/UrlResolver.js
381 silly gunzTarPerm extractEntry lib/core/resolvers/index.js
382 silly gunzTarPerm extractEntry lib/renderers/JsonRenderer.js
383 silly gunzTarPerm extractEntry lib/renderers/StandardRenderer.js
384 silly gunzTarPerm extractEntry lib/renderers/index.js
385 silly gunzTarPerm extractEntry lib/util/cli.js
386 silly gunzTarPerm extractEntry lib/util/createError.js
387 silly gunzTarPerm extractEntry lib/util/createLink.js
388 silly gunzTarPerm extractEntry lib/util/download.js
389 silly gunzTarPerm extractEntry lib/util/extract.js
390 silly gunzTarPerm extractEntry lib/util/copy.js
391 silly gunzTarPerm extractEntry lib/util/readJson.js
392 silly gunzTarPerm extractEntry lib/util/removeIgnores.js
393 silly gunzTarPerm extractEntry lib/util/rootCheck.js
394 silly gunzTarPerm extractEntry lib/util/semver.js
395 silly gunzTarPerm extractEntry lib/util/template.js
396 silly gunzTarPerm extractEntry lib/util/cmd.js
397 silly gunzTarPerm extractEntry lib/util/validLink.js
398 silly gunzTarPerm extractEntry lib/util/md5.js
399 silly gunzTarPerm extractEntry CHANGELOG.md
400 silly gunzTarPerm extractEntry templates/helpers/colors.js
401 silly gunzTarPerm extractEntry templates/helpers/condense.js
402 silly gunzTarPerm extractEntry templates/helpers/indent.js
403 silly gunzTarPerm extractEntry templates/helpers/index.js
404 silly gunzTarPerm extractEntry templates/helpers/rpad.js
405 silly gunzTarPerm extractEntry templates/helpers/sum.js
406 silly gunzTarPerm extractEntry templates/json/help-list.json
407 silly gunzTarPerm extractEntry templates/json/help-cache/clean.json
408 silly gunzTarPerm extractEntry templates/json/help-cache/list.json
409 silly gunzTarPerm extractEntry templates/json/help-home.json
410 silly gunzTarPerm extractEntry templates/json/help-info.json
411 silly gunzTarPerm extractEntry templates/json/help-init.json
412 silly gunzTarPerm extractEntry templates/json/help-install.json
413 silly gunzTarPerm extractEntry templates/json/help-link.json
414 silly gunzTarPerm extractEntry templates/json/help-cache.json
415 silly gunzTarPerm extractEntry templates/json/help-lookup.json
416 silly gunzTarPerm extractEntry templates/json/help-prune.json
417 silly gunzTarPerm extractEntry templates/json/help-register.json
418 silly gunzTarPerm extractEntry templates/json/help-search.json
419 silly gunzTarPerm extractEntry templates/json/help-uninstall.json
420 silly gunzTarPerm extractEntry templates/json/help-update.json
421 silly gunzTarPerm extractEntry templates/json/help.json
422 silly gunzTarPerm extractEntry templates/std/conflict-resolved.std
423 silly gunzTarPerm extractEntry templates/std/conflict.std
424 silly gunzTarPerm extractEntry templates/std/help-cache.std
425 silly gunzTarPerm extractEntry templates/std/help-generic.std
426 silly gunzTarPerm extractEntry templates/std/help.std
427 silly gunzTarPerm extractEntry templates/std/info.std
428 silly gunzTarPerm extractEntry templates/std/lookup.std
429 silly gunzTarPerm extractEntry templates/std/register.std
430 silly gunzTarPerm extractEntry templates/std/search-results.std
431 silly gunzTarPerm extractEntry templates/std/update-notice.std
432 silly gunzTarPerm extractEntry test/packages.js
433 silly gunzTarPerm extractEntry test/test.js
434 silly gunzTarPerm extractEntry test/assets/package-tar.tar.gz
435 silly gunzTarPerm extractEntry test/assets/package-zip-folder-single-file.zip
436 silly gunzTarPerm extractEntry test/assets/package-zip-folder.zip
437 silly gunzTarPerm extractEntry test/assets/package-zip-single-bower-json.zip
438 silly gunzTarPerm extractEntry test/assets/package-zip-single-component-json.zip
439 silly gunzTarPerm extractEntry test/assets/package-zip-single-file.zip
440 silly gunzTarPerm extractEntry test/assets/package-zip.zip
441 silly gunzTarPerm extractEntry test/assets/resolve-cache/list-json-1.json
442 silly gunzTarPerm extractEntry test/assets/test-temp-dir/test-exception.js
443 silly gunzTarPerm extractEntry test/assets/test-temp-dir/test.js
444 silly gunzTarPerm extractEntry test/core/packageRepository.js
445 silly gunzTarPerm extractEntry test/core/resolveCache.js
446 silly gunzTarPerm extractEntry test/core/resolverFactory.js
447 silly gunzTarPerm extractEntry test/core/resolvers/fsResolver.js
448 silly gunzTarPerm extractEntry test/core/resolvers/gitFsResolver.js
449 silly gunzTarPerm extractEntry test/core/resolvers/gitHubResolver.js
450 silly gunzTarPerm extractEntry test/core/resolvers/gitRemoteResolver.js
451 silly gunzTarPerm extractEntry test/core/resolvers/gitResolver.js
452 silly gunzTarPerm extractEntry test/core/resolvers/resolver.js
453 silly gunzTarPerm extractEntry test/core/resolvers/urlResolver.js
454 silly gunzTarPerm extractEntry test/packages.json
455 silly lockFile 2c433740-3915-0-38665143540129066-package tar:///var/folders/n4/f99_t3pd1pjc6c7by6qmglzr0000gn/T/npm-79993-qI0qsrJX/1382325673915-0.38665143540129066/package
456 silly lockFile 2c433740-3915-0-38665143540129066-package tar:///var/folders/n4/f99_t3pd1pjc6c7by6qmglzr0000gn/T/npm-79993-qI0qsrJX/1382325673915-0.38665143540129066/package
457 silly lockFile 416d1607-3915-0-38665143540129066-tmp-tgz tar:///var/folders/n4/f99_t3pd1pjc6c7by6qmglzr0000gn/T/npm-79993-qI0qsrJX/1382325673915-0.38665143540129066/tmp.tgz
458 silly lockFile 416d1607-3915-0-38665143540129066-tmp-tgz tar:///var/folders/n4/f99_t3pd1pjc6c7by6qmglzr0000gn/T/npm-79993-qI0qsrJX/1382325673915-0.38665143540129066/tmp.tgz
459 verbose tar pack [ '/Users/hajime/.npm/bower/1.2.7/package.tgz',
459 verbose tar pack   '/var/folders/n4/f99_t3pd1pjc6c7by6qmglzr0000gn/T/npm-79993-qI0qsrJX/1382325673915-0.38665143540129066/package' ]
460 verbose tarball /Users/hajime/.npm/bower/1.2.7/package.tgz
461 verbose folder /var/folders/n4/f99_t3pd1pjc6c7by6qmglzr0000gn/T/npm-79993-qI0qsrJX/1382325673915-0.38665143540129066/package
462 silly lockFile 2c433740-3915-0-38665143540129066-package tar:///var/folders/n4/f99_t3pd1pjc6c7by6qmglzr0000gn/T/npm-79993-qI0qsrJX/1382325673915-0.38665143540129066/package
463 verbose lock tar:///var/folders/n4/f99_t3pd1pjc6c7by6qmglzr0000gn/T/npm-79993-qI0qsrJX/1382325673915-0.38665143540129066/package /Users/hajime/.npm/2c433740-3915-0-38665143540129066-package.lock
464 silly lockFile 2356fb8d-jime-npm-bower-1-2-7-package-tgz tar:///Users/hajime/.npm/bower/1.2.7/package.tgz
465 verbose lock tar:///Users/hajime/.npm/bower/1.2.7/package.tgz /Users/hajime/.npm/2356fb8d-jime-npm-bower-1-2-7-package-tgz.lock
466 silly lockFile 2c433740-3915-0-38665143540129066-package tar:///var/folders/n4/f99_t3pd1pjc6c7by6qmglzr0000gn/T/npm-79993-qI0qsrJX/1382325673915-0.38665143540129066/package
467 silly lockFile 2c433740-3915-0-38665143540129066-package tar:///var/folders/n4/f99_t3pd1pjc6c7by6qmglzr0000gn/T/npm-79993-qI0qsrJX/1382325673915-0.38665143540129066/package
468 silly lockFile 2356fb8d-jime-npm-bower-1-2-7-package-tgz tar:///Users/hajime/.npm/bower/1.2.7/package.tgz
469 silly lockFile 2356fb8d-jime-npm-bower-1-2-7-package-tgz tar:///Users/hajime/.npm/bower/1.2.7/package.tgz
470 silly lockFile 5f4f2212-s-hajime-npm-bower-1-2-7-package /Users/hajime/.npm/bower/1.2.7/package
471 verbose lock /Users/hajime/.npm/bower/1.2.7/package /Users/hajime/.npm/5f4f2212-s-hajime-npm-bower-1-2-7-package.lock
472 silly lockFile 5f4f2212-s-hajime-npm-bower-1-2-7-package /Users/hajime/.npm/bower/1.2.7/package
473 silly lockFile 5f4f2212-s-hajime-npm-bower-1-2-7-package /Users/hajime/.npm/bower/1.2.7/package
474 verbose tar unpack /Users/hajime/.npm/bower/1.2.7/package.tgz
475 silly lockFile 206b2bcd-s-hajime-npm-bower-1-2-7-package tar:///Users/hajime/.npm/bower/1.2.7/package
476 verbose lock tar:///Users/hajime/.npm/bower/1.2.7/package /Users/hajime/.npm/206b2bcd-s-hajime-npm-bower-1-2-7-package.lock
477 silly lockFile 2356fb8d-jime-npm-bower-1-2-7-package-tgz tar:///Users/hajime/.npm/bower/1.2.7/package.tgz
478 verbose lock tar:///Users/hajime/.npm/bower/1.2.7/package.tgz /Users/hajime/.npm/2356fb8d-jime-npm-bower-1-2-7-package-tgz.lock
479 silly gunzTarPerm modes [ '755', '644' ]
480 silly gunzTarPerm extractEntry package.json
481 silly gunzTarPerm extractEntry .npmignore
482 silly gunzTarPerm extractEntry README.md
483 silly gunzTarPerm extractEntry LICENSE
484 silly gunzTarPerm extractEntry Gruntfile.js
485 silly gunzTarPerm extractEntry CONTRIBUTING.md
486 silly gunzTarPerm extractEntry .editorconfig
487 silly gunzTarPerm extractEntry .jshintrc
488 silly gunzTarPerm extractEntry .travis.yml
489 silly gunzTarPerm extractEntry bin/bower
490 silly gunzTarPerm extractEntry lib/config.js
491 silly gunzTarPerm extractEntry lib/index.js
492 silly gunzTarPerm extractEntry lib/commands/update.js
493 silly gunzTarPerm extractEntry lib/commands/index.js
494 silly gunzTarPerm extractEntry lib/commands/info.js
495 silly gunzTarPerm extractEntry lib/commands/init.js
496 silly gunzTarPerm extractEntry lib/commands/install.js
497 silly gunzTarPerm extractEntry lib/commands/home.js
498 silly gunzTarPerm extractEntry lib/commands/list.js
499 silly gunzTarPerm extractEntry lib/commands/lookup.js
500 silly gunzTarPerm extractEntry lib/commands/prune.js
501 silly gunzTarPerm extractEntry lib/commands/register.js
502 silly gunzTarPerm extractEntry lib/commands/search.js
503 silly gunzTarPerm extractEntry lib/commands/help.js
504 silly gunzTarPerm extractEntry lib/commands/uninstall.js
505 silly gunzTarPerm extractEntry lib/commands/completion.js
506 silly gunzTarPerm extractEntry lib/commands/link.js
507 silly gunzTarPerm extractEntry lib/commands/cache/clean.js
508 silly gunzTarPerm extractEntry lib/commands/cache/index.js
509 silly gunzTarPerm extractEntry lib/commands/cache/list.js
510 silly gunzTarPerm extractEntry lib/core/Manager.js
511 silly gunzTarPerm extractEntry lib/core/PackageRepository.js
512 silly gunzTarPerm extractEntry lib/core/Project.js
513 silly gunzTarPerm extractEntry lib/core/ResolveCache.js
514 silly gunzTarPerm extractEntry lib/core/resolverFactory.js
515 silly gunzTarPerm extractEntry lib/core/resolvers/FsResolver.js
516 silly gunzTarPerm extractEntry lib/core/resolvers/GitFsResolver.js
517 silly gunzTarPerm extractEntry lib/core/resolvers/GitHubResolver.js
518 silly gunzTarPerm extractEntry lib/core/resolvers/GitRemoteResolver.js
519 silly gunzTarPerm extractEntry lib/core/resolvers/GitResolver.js
520 silly gunzTarPerm extractEntry lib/core/resolvers/Resolver.js
521 silly gunzTarPerm extractEntry lib/core/resolvers/UrlResolver.js
522 silly gunzTarPerm extractEntry lib/core/resolvers/index.js
523 silly gunzTarPerm extractEntry lib/renderers/JsonRenderer.js
524 silly gunzTarPerm extractEntry lib/renderers/StandardRenderer.js
525 silly gunzTarPerm extractEntry lib/renderers/index.js
526 silly gunzTarPerm extractEntry lib/util/cli.js
527 silly gunzTarPerm extractEntry lib/util/createError.js
528 silly gunzTarPerm extractEntry lib/util/createLink.js
529 silly gunzTarPerm extractEntry lib/util/download.js
530 silly gunzTarPerm extractEntry lib/util/extract.js
531 silly gunzTarPerm extractEntry lib/util/copy.js
532 silly gunzTarPerm extractEntry lib/util/readJson.js
533 silly gunzTarPerm extractEntry lib/util/removeIgnores.js
534 silly gunzTarPerm extractEntry lib/util/rootCheck.js
535 silly gunzTarPerm extractEntry lib/util/semver.js
536 silly gunzTarPerm extractEntry lib/util/template.js
537 silly gunzTarPerm extractEntry lib/util/cmd.js
538 silly gunzTarPerm extractEntry lib/util/validLink.js
539 silly gunzTarPerm extractEntry lib/util/md5.js
540 silly gunzTarPerm extractEntry CHANGELOG.md
541 silly gunzTarPerm extractEntry templates/helpers/colors.js
542 silly gunzTarPerm extractEntry templates/helpers/condense.js
543 silly gunzTarPerm extractEntry templates/helpers/indent.js
544 silly gunzTarPerm extractEntry templates/helpers/index.js
545 silly gunzTarPerm extractEntry templates/helpers/rpad.js
546 silly gunzTarPerm extractEntry templates/helpers/sum.js
547 silly gunzTarPerm extractEntry templates/json/help-list.json
548 silly gunzTarPerm extractEntry templates/json/help-cache/clean.json
549 silly gunzTarPerm extractEntry templates/json/help-cache/list.json
550 silly gunzTarPerm extractEntry templates/json/help-home.json
551 silly gunzTarPerm extractEntry templates/json/help-info.json
552 silly gunzTarPerm extractEntry templates/json/help-init.json
553 silly gunzTarPerm extractEntry templates/json/help-install.json
554 silly gunzTarPerm extractEntry templates/json/help-link.json
555 silly gunzTarPerm extractEntry templates/json/help-cache.json
556 silly gunzTarPerm extractEntry templates/json/help-lookup.json
557 silly gunzTarPerm extractEntry templates/json/help-prune.json
558 silly gunzTarPerm extractEntry templates/json/help-register.json
559 silly gunzTarPerm extractEntry templates/json/help-search.json
560 silly gunzTarPerm extractEntry templates/json/help-uninstall.json
561 silly gunzTarPerm extractEntry templates/json/help-update.json
562 silly gunzTarPerm extractEntry templates/json/help.json
563 silly gunzTarPerm extractEntry templates/std/conflict-resolved.std
564 silly gunzTarPerm extractEntry templates/std/conflict.std
565 silly gunzTarPerm extractEntry templates/std/help-cache.std
566 silly gunzTarPerm extractEntry templates/std/help-generic.std
567 silly gunzTarPerm extractEntry templates/std/help.std
568 silly gunzTarPerm extractEntry templates/std/info.std
569 silly gunzTarPerm extractEntry templates/std/lookup.std
570 silly gunzTarPerm extractEntry templates/std/register.std
571 silly gunzTarPerm extractEntry templates/std/search-results.std
572 silly gunzTarPerm extractEntry templates/std/update-notice.std
573 silly gunzTarPerm extractEntry test/packages.js
574 silly gunzTarPerm extractEntry test/test.js
575 silly gunzTarPerm extractEntry test/assets/package-tar.tar.gz
576 silly gunzTarPerm extractEntry test/assets/package-zip-folder-single-file.zip
577 silly gunzTarPerm extractEntry test/assets/package-zip-folder.zip
578 silly gunzTarPerm extractEntry test/assets/package-zip-single-bower-json.zip
579 silly gunzTarPerm extractEntry test/assets/package-zip-single-component-json.zip
580 silly gunzTarPerm extractEntry test/assets/package-zip-single-file.zip
581 silly gunzTarPerm extractEntry test/assets/package-zip.zip
582 silly gunzTarPerm extractEntry test/assets/resolve-cache/list-json-1.json
583 silly gunzTarPerm extractEntry test/assets/test-temp-dir/test-exception.js
584 silly gunzTarPerm extractEntry test/assets/test-temp-dir/test.js
585 silly gunzTarPerm extractEntry test/core/packageRepository.js
586 silly gunzTarPerm extractEntry test/core/resolveCache.js
587 silly gunzTarPerm extractEntry test/core/resolverFactory.js
588 silly gunzTarPerm extractEntry test/core/resolvers/fsResolver.js
589 silly gunzTarPerm extractEntry test/core/resolvers/gitFsResolver.js
590 silly gunzTarPerm extractEntry test/core/resolvers/gitHubResolver.js
591 silly gunzTarPerm extractEntry test/core/resolvers/gitRemoteResolver.js
592 silly gunzTarPerm extractEntry test/core/resolvers/gitResolver.js
593 silly gunzTarPerm extractEntry test/core/resolvers/resolver.js
594 silly gunzTarPerm extractEntry test/core/resolvers/urlResolver.js
595 silly gunzTarPerm extractEntry test/packages.json
596 silly lockFile 206b2bcd-s-hajime-npm-bower-1-2-7-package tar:///Users/hajime/.npm/bower/1.2.7/package
597 silly lockFile 206b2bcd-s-hajime-npm-bower-1-2-7-package tar:///Users/hajime/.npm/bower/1.2.7/package
598 silly lockFile 2356fb8d-jime-npm-bower-1-2-7-package-tgz tar:///Users/hajime/.npm/bower/1.2.7/package.tgz
599 silly lockFile 2356fb8d-jime-npm-bower-1-2-7-package-tgz tar:///Users/hajime/.npm/bower/1.2.7/package.tgz
600 verbose chmod /Users/hajime/.npm/bower/1.2.7/package.tgz 644
601 verbose chown /Users/hajime/.npm/bower/1.2.7/package.tgz [ 501, 20 ]
602 silly lockFile 1308ca41--npmjs-org-bower-bower-1-2-7-tgz https://registry.npmjs.org/bower/-/bower-1.2.7.tgz
603 silly lockFile 1308ca41--npmjs-org-bower-bower-1-2-7-tgz https://registry.npmjs.org/bower/-/bower-1.2.7.tgz
604 silly lockFile d87c9af5-bower-1-2-7 bower@1.2.7
605 silly lockFile d87c9af5-bower-1-2-7 bower@1.2.7
606 silly resolved [ { name: 'bower',
606 silly resolved     version: '1.2.7',
606 silly resolved     description: 'The browser package manager.',
606 silly resolved     author: { name: 'Twitter' },
606 silly resolved     licenses: [ [Object] ],
606 silly resolved     repository: { type: 'git', url: 'git://github.com/bower/bower.git' },
606 silly resolved     main: 'lib',
606 silly resolved     homepage: 'http://bower.io',
606 silly resolved     engines: { node: '>=0.8.0' },
606 silly resolved     dependencies:
606 silly resolved      { abbrev: '~1.0.4',
606 silly resolved        archy: '0.0.2',
606 silly resolved        'bower-config': '~0.5.0',
606 silly resolved        'bower-endpoint-parser': '~0.2.0',
606 silly resolved        'bower-json': '~0.4.0',
606 silly resolved        'bower-logger': '~0.2.1',
606 silly resolved        'bower-registry-client': '~0.1.4',
606 silly resolved        cardinal: '~0.4.0',
606 silly resolved        chalk: '~0.2.0',
606 silly resolved        chmodr: '~0.1.0',
606 silly resolved        fstream: '~0.1.22',
606 silly resolved        'fstream-ignore': '~0.0.6',
606 silly resolved        glob: '~3.2.1',
606 silly resolved        'graceful-fs': '~2.0.0',
606 silly resolved        handlebars: '~1.0.11',
606 silly resolved        inquirer: '~0.3.0',
606 silly resolved        junk: '~0.2.0',
606 silly resolved        mkdirp: '~0.3.5',
606 silly resolved        mout: '~0.7.0',
606 silly resolved        nopt: '~2.1.1',
606 silly resolved        'lru-cache': '~2.3.0',
606 silly resolved        open: '~0.0.3',
606 silly resolved        osenv: '0.0.3',
606 silly resolved        promptly: '~0.2.0',
606 silly resolved        q: '~0.9.2',
606 silly resolved        request: '~2.27.0',
606 silly resolved        'request-progress': '~0.3.0',
606 silly resolved        retry: '~0.6.0',
606 silly resolved        rimraf: '~2.2.0',
606 silly resolved        semver: '~2.1.0',
606 silly resolved        'stringify-object': '~0.1.4',
606 silly resolved        'sudo-block': '~0.2.0',
606 silly resolved        tar: '~0.1.17',
606 silly resolved        tmp: '~0.0.20',
606 silly resolved        unzip: '~0.1.7',
606 silly resolved        'update-notifier': '~0.1.3',
606 silly resolved        which: '~1.0.5' },
606 silly resolved     devDependencies:
606 silly resolved      { 'expect.js': '~0.2.0',
606 silly resolved        grunt: '~0.4.1',
606 silly resolved        'grunt-simple-mocha': '~0.4.0',
606 silly resolved        'grunt-contrib-watch': '~0.5.0',
606 silly resolved        'grunt-contrib-jshint': '~0.6.0',
606 silly resolved        'grunt-exec': '~0.4.2',
606 silly resolved        mocha: '~1.12.0',
606 silly resolved        nock: '~0.22.0',
606 silly resolved        istanbul: '~0.1.42',
606 silly resolved        proxyquire: '~0.5.0' },
606 silly resolved     scripts: { test: 'grunt test' },
606 silly resolved     bin: { bower: 'bin/bower' },
606 silly resolved     preferGlobal: true,
606 silly resolved     readme: '# BOWER [![Build Status](https://secure.travis-ci.org/bower/bower.png?branch=master)](http://travis-ci.org/bower/bower)\n\nBower is a package manager for the web. It offers a generic, unopinionated\nsolution to the problem of **front-end package management**, while exposing the\npackage dependency model via an API that can be consumed by a more opinionated\nbuild stack. There are no system wide dependencies, no dependencies are shared\nbetween different apps, and the dependency tree is flat.\n\nBower runs over Git, and is package-agnostic. A packaged component can be made\nup of any type of asset, and use any type of transport (e.g., AMD, CommonJS,\netc.).\n\n[View all packages available through Bower\'s registry](http://sindresorhus.com/bower-components/).\n\n\n## Installing Bower\n\nBower depends on [Node](http://nodejs.org/) and [npm](http://npmjs.org/). It\'s\ninstalled globally using npm:\n\n```\nnpm install -g bower\n```\n\nAlso make sure that [git](http://git-scm.com/) is installed as some bower\npackages require it to be fetched and installed.\n\n\n## Usage\n\nMuch more information is available via `bower help` once it\'s installed. This\nis just enough to get you started.\n\n#### Warning\n\nOn `prezto` or `oh-my-zsh`, do not forget to `alias bower=\'noglob bower\'` or `bower install jquery\\#1.9.1`\n\n#### Running commands with sudo\n\nBower is a user command, there is no need to execute it with superuser permissions.\nHowever, if you still want to run commands with sudo, use `--allow-root` option.\n\n### Installing packages and dependencies\n\nBower offers several ways to install packages:\n\n```\n# Using the dependencies listed in the current directory\'s bower.json\nbower install\n# Using a local or remote package\nbower install <package>\n# Using a specific version of a package\nbower install <package>#<version>\n# Using a different name and a specific version of a package\nbower install <name>=<package>#<version>\n```\n\nWhere `<package>` can be any one of the following:\n\n* A name that maps to a package registered with Bower, e.g, `jquery`. \n* A remote Git endpoint, e.g., `git://github.com/someone/some-package.git`. Can be\n  public or private. \n* A local endpoint, i.e., a folder that\'s a Git repository. \n* A shorthand endpoint, e.g., `someone/some-package` (defaults to GitHub). \n* A URL to a file, including `zip` and `tar` files. Its contents will be\n  extracted.\n\n These types of `<package>` might have versions available. You can specify a\n[semver](http://semver.org/) compatible version to fetch a specific release, and lock the\npackage to that version. You can also use ranges to specify a range of versions.\n\nAll package contents are installed in the `bower_components` directory by default.\nYou should **never** directly modify the contents of this directory.\n\nUsing `bower list` will show all the packages that are installed locally.\n\n**N.B.** If you aren\'t authoring a package that is intended to be consumed by\nothers (e.g., you\'re building a web app), you should always check installed\npackages into source control.\n\n### Finding packages\n\nTo search for packages registered with Bower:\n\n```\nbower search [<name>]\n```\n\nUsing just `bower search` will list all packages in the registry.\n\n### Using packages\n\nThe easiest approach is to use Bower statically, just reference the package\'s\ninstalled components manually using a `script` tag:\n\n```html\n<script src="/bower_components/jquery/index.js"></script>\n```\n\nFor more complex projects, you\'ll probably want to concatenate your scripts or\nuse a module loader. Bower is just a package manager, but there are plenty of\nother tools -- such as [Sprockets](https://github.com/sstephenson/sprockets)\nand [RequireJS](http://requirejs.org/) -- that will help you do this.\n\n### Registering packages\n\nTo register a new package:\n\n* There **must** be a valid manifest JSON in the current working directory.\n* Your package should use [semver](http://semver.org/) Git tags.\n* Your package **must** be available at a Git endpoint (e.g., GitHub); remember\n  to push your Git tags!\n\nThen use the following command:\n\n```\nbower register <my-package-name> <git-endpoint>\n```\n\nThe Bower registry does not have authentication or user management at this point\nin time. It\'s on a first come, first served basis. Think of it like a URL\nshortener. Now anyone can run `bower install <my-package-name>`, and get your\nlibrary installed.\n\nThere is no direct way to unregister a package yet. For now, you can [request a\npackage be unregistered](https://github.com/bower/bower/issues/120).\n\n### Uninstalling packages\n\nTo uninstall a locally installed package:\n\n```\nbower uninstall <package-name>\n```\n\n\n## Configuration\n\nBower can be configured using JSON in a `.bowerrc` file.\n\nThe current spec can be read\n[here](https://docs.google.com/document/d/1APq7oA9tNao1UYWyOm8dKqlRP2blVkROYLZ2fLIjtWc/edit#heading=h.4pzytc1f9j8k)\nin the `Configuration` section.\n\n\n## Defining a package\n\nYou must create a `bower.json` in your project\'s root, and specify all of its\ndependencies. This is similar to Node\'s `package.json`, or Ruby\'s `Gemfile`,\nand is useful for locking down a project\'s dependencies.\n\n*NOTE:* In versions of Bower before 0.9.0 the package metadata file was called\n`component.json` rather than `bower.json`. This has changed to avoid a name\nclash with another tool. You can still use `component.json` for now but it is\ndeprecated and the automatic fallback is likely to be removed in an upcoming\nrelease.\n\nYou can interactively create a `bower.json` with the following command:\n\n```\nbower init\n```\n\nThe `bower.json` defines several options:\n\n* `name` (required): The name of your package.\n* `version`: A semantic version number (see [semver](http://semver.org/)).\n* `main` [string|array]: The primary endpoints of your package.\n* `ignore` [array]: An array of paths not needed in production that you want\n  Bower to ignore when installing your package.\n* `dependencies` [hash]: Packages your package depends upon in production.\n* `devDependencies` [hash]: Development dependencies.\n* `private` [boolean]: Set to true if you want to keep the package private and \n  do not want to register the package in future.\n\n```json\n{\n  "name": "my-project",\n  "version": "1.0.0",\n  "main": "path/to/main.css",\n  "ignore": [\n    ".jshintrc",\n    "**/*.txt"\n  ],\n  "dependencies": {\n    "<name>": "<version>",\n    "<name>": "<folder>",\n    "<name>": "<package>"\n  },\n  "devDependencies": {\n    "<test-framework-name>": "<version>"\n  }\n}\n```\n\n\n## Consuming a package\n\nBower also makes available a source mapping. This can be used by build tools to\neasily consume Bower packages.\n\nIf you pass the `--paths` option to Bower\'s `list` command, you will get a\nsimple path-to-name mapping:\n\n```json\n{\n  "backbone": "bower_components/backbone/index.js",\n  "jquery": "bower_components/jquery/index.js",\n  "underscore": "bower_components/underscore/index.js"\n}\n```\n\nAlternatively, every command supports the `--json` option that makes bower\noutput JSON. Command result is outputted to `stdout` and error/logs to\n`stderr`.\n\n\n## Programmatic API\n\nBower provides a powerful, programmatic API. All commands can be accessed\nthrough the `bower.commands` object.\n\n```js\nvar bower = require(\'bower\');\n\nbower.commands\n.install([\'jquery\'], { save: true }, { /* custom config */ })\n.on(\'end\', function (installed) {\n    console.log(installed);\n});\n\nbower.commands\n.search(\'jquery\', {})\n.on(\'end\', function (results) {\n    console.log(results);\n});\n```\n\nCommands emit four types of events: `log`, `prompt`, `end`, `error`.\n\n* `log` is emitted to report the state/progress of the command.\n* `prompt` is emitted whenever the user needs to be prompted.\n* `error` will only be emitted if something goes wrong.\n* `end` is emitted when the command successfully ends.\n\nFor a better of idea how this works, you may want to check out [our bin\nfile](https://github.com/bower/bower/blob/master/bin/bower).\n\nWhen using bower programmatically, prompting is disabled by default. Though you can enable it when calling commands with `interactive: true` in the config.\nThis requires you to listen for the `prompt` event and handle the prompting yourself. The easiest way is to use the [inquirer](https://npmjs.org/package/inquirer) npm module like so:\n\n```js\nvar inquirer =  require(\'inquirer\');\n\nbower.commands\n.install([\'jquery\'], { save: true }, { interactive: true })\n// ..\n.on(\'prompt\', function (prompts, callback) {\n    inquirer.prompt(prompts, callback);\n});\n```\n\n\n## Completion (experimental)\n\n_NOTE_: Completion is still not implemented for the 1.0.0 release\n\nBower now has an experimental `completion` command that is based on, and works\nsimilarly to the [npm completion](https://npmjs.org/doc/completion.html). It is\nnot available for Windows users.\n\nThis command will output a Bash / ZSH script to put into your `~/.bashrc`,\n`~/.bash_profile`, or `~/.zshrc` file.\n\n```\nbower completion >> ~/.bash_profile\n```\n\n\n## A note for Windows users\n\nTo use Bower on Windows, you must install\n[msysgit](http://code.google.com/p/msysgit/) correctly. Be sure to check the\noption shown below:\n\n![msysgit](http://f.cl.ly/items/2V2O3i1p3R2F1r2v0a12/mysgit.png)\n\nNote that if you use TortoiseGit and if Bower keeps asking for your SSH\npassword, you should add the following environment variable: `GIT_SSH -\nC:\\Program Files\\TortoiseGit\\bin\\TortoisePlink.exe`. Adjust the `TortoisePlink`\npath if needed.\n\n\n## Contact\n\nHave a question?\n\n* [StackOverflow](http://stackoverflow.com/questions/tagged/bower)\n* [Mailinglist](http://groups.google.com/group/twitter-bower) - twitter-bower@googlegroups.com\n* [\\#bower](http://webchat.freenode.net/?channels=bower) on Freenode\n\n\n## Contributing to this project\n\nAnyone and everyone is welcome to contribute. Please take a moment to\nreview the [guidelines for contributing](CONTRIBUTING.md).\n\n* [Bug reports](CONTRIBUTING.md#bugs)\n* [Feature requests](CONTRIBUTING.md#features)\n* [Pull requests](CONTRIBUTING.md#pull-requests)\n\n\n## Authors\n\n* [@fat](https://github.com/fat)\n* [@maccman](https://github.com/maccman)\n* [@satazor](https://github.com/satazor)\n\nThanks for assistance and contributions:\n\n[@addyosmani](https://github.com/addyosmani),\n[@angus-c](https://github.com/angus-c),\n[@borismus](https://github.com/borismus),\n[@carsonmcdonald](https://github.com/carsonmcdonald),\n[@chriseppstein](https://github.com/chriseppstein),\n[@danwrong](https://github.com/danwrong),\n[@davidmaxwaterman](https://github.com/davidmaxwaterman),\n[@desandro](https://github.com/desandro),\n[@hemanth](https://github.com/hemanth),\n[@isaacs](https://github.com/isaacs),\n[@josh](https://github.com/josh),\n[@jrburke](https://github.com/jrburke),\n[@marcelombc](https://github.com/marcelombc),\n[@marcooliveira](https://github.com/marcooliveira),\n[@mklabs](https://github.com/mklabs),\n[@MrDHat](https://github.com/MrDHat),\n[@necolas](https://github.com/necolas),\n[@paulirish](https://github.com/paulirish),\n[@richo](https://github.com/richo),\n[@rvagg](https://github.com/rvagg),\n[@sindresorhus](https://github.com/sindresorhus),\n[@SlexAxton](https://github.com/SlexAxton),\n[@sstephenson](https://github.com/sstephenson),\n[@svnlto](https://github.com/svnlto),\n[@tomdale](https://github.com/tomdale),\n[@uzquiano](https://github.com/uzquiano),\n[@visionmedia](https://github.com/visionmedia),\n[@wagenet](https://github.com/wagenet),\n[@wibblymat](https://github.com/wibblymat),\n[@wycats](https://github.com/wycats)\n\n\n## License\n\nCopyright 2012 Twitter, Inc.\n\nLicensed under the MIT License\n',
606 silly resolved     readmeFilename: 'README.md',
606 silly resolved     bugs: { url: 'https://github.com/bower/bower/issues' },
606 silly resolved     _id: 'bower@1.2.7',
606 silly resolved     dist: { shasum: '5b0505c8192bd61a752a7cf8b718d1b3054cd554' },
606 silly resolved     _from: 'bower@1.2.7',
606 silly resolved     _resolved: 'https://registry.npmjs.org/bower/-/bower-1.2.7.tgz' } ]
607 info install bower@1.2.7 into /usr/local/lib
608 info installOne bower@1.2.7
609 info /usr/local/lib/node_modules/bower unbuild
610 info preuninstall bower@1.2.6
611 info uninstall bower@1.2.6
612 verbose true,/usr/local/lib/node_modules,/usr/local/lib/node_modules unbuild bower@1.2.6
613 verbose /usr/local/bin,[object Object] binRoot
614 info postuninstall bower@1.2.6
615 info /usr/local/lib/node_modules/bower unbuild
616 info preuninstall bower@1.2.6
617 info uninstall bower@1.2.6
618 verbose true,/usr/local/lib/node_modules,/usr/local/lib/node_modules unbuild bower@1.2.6
619 verbose /usr/local/bin,[object Object] binRoot
620 info postuninstall bower@1.2.6
621 error error rolling back Error: EACCES, unlink '/usr/local/lib/node_modules/bower/.editorconfig'
621 error error rolling back  bower@1.2.7 { [Error: EACCES, unlink '/usr/local/lib/node_modules/bower/.editorconfig']
621 error error rolling back   errno: 3,
621 error error rolling back   code: 'EACCES',
621 error error rolling back   path: '/usr/local/lib/node_modules/bower/.editorconfig' }
622 error Error: EACCES, unlink '/usr/local/lib/node_modules/bower/.editorconfig'
622 error  { [Error: EACCES, unlink '/usr/local/lib/node_modules/bower/.editorconfig']
622 error   errno: 3,
622 error   code: 'EACCES',
622 error   path: '/usr/local/lib/node_modules/bower/.editorconfig' }
623 error Please try running this command again as root/Administrator.
624 error System Darwin 12.5.0
625 error command "/usr/local/Cellar/node/0.10.18/bin/node" "/usr/local/bin/npm" "update" "-g" "bower"
626 error cwd /Users/hajime/GitHub/meetup-frontend
627 error node -v v0.10.18
628 error npm -v 1.3.8
629 error path /usr/local/lib/node_modules/bower/.editorconfig
630 error code EACCES
631 error errno 3
632 error stack Error: EACCES, unlink '/usr/local/lib/node_modules/bower/.editorconfig'
633 verbose exit [ 3, true ]
